INFO :[2020-01-22 11:16:04] Root WebApplicationContext: initialization started
INFO :[2020-01-22 11:16:06] Root WebApplicationContext initialized in 1750 ms
INFO :[2020-01-22 11:16:06] Initializing Servlet 'appServlet'
INFO :[2020-01-22 11:16:11] Completed initialization in 5101 ms
INFO :[2020-01-22 11:20:23] Root WebApplicationContext: initialization started
INFO :[2020-01-22 11:20:24] Root WebApplicationContext initialized in 1693 ms
INFO :[2020-01-22 11:20:24] Initializing Servlet 'appServlet'
INFO :[2020-01-22 11:20:28] Completed initialization in 3696 ms
WARN :[2020-01-22 11:20:55] No mapping for GET /mohagee/sbComment/sbCommentSelectList.do
WARN :[2020-01-22 11:22:05] No mapping for GET /mohagee/sbComment/sbCommentSelectList.do
INFO :[2020-01-22 11:23:11] Root WebApplicationContext: initialization started
INFO :[2020-01-22 11:23:13] Root WebApplicationContext initialized in 1799 ms
INFO :[2020-01-22 11:23:13] Initializing Servlet 'appServlet'
INFO :[2020-01-22 11:23:17] Completed initialization in 3941 ms
WARN :[2020-01-22 11:23:28] No mapping for GET /mohagee/sbComment/sbCommentSelectList.do
INFO :[2020-01-22 11:30:57] Root WebApplicationContext: initialization started
INFO :[2020-01-22 11:30:59] Root WebApplicationContext initialized in 1813 ms
INFO :[2020-01-22 11:30:59] Initializing Servlet 'appServlet'
INFO :[2020-01-22 11:31:02] Completed initialization in 3811 ms
WARN :[2020-01-22 11:31:22] Resolved [org.springframework.validation.BindException: org.springframework.validation.BeanPropertyBindingResult: 1 errors
Field error in object 'favorite' on field 'userNo': rejected value []; codes [typeMismatch.favorite.userNo,typeMismatch.userNo,typeMismatch.int,typeMismatch]; arguments [org.springframework.context.support.DefaultMessageSourceResolvable: codes [favorite.userNo,userNo]; arguments []; default message [userNo]]; default message [Failed to convert property value of type 'java.lang.String' to required type 'int' for property 'userNo'; nested exception is java.lang.NumberFormatException: For input string: ""]]
WARN :[2020-01-22 11:31:22] No mapping for GET /mohagee/sbComment/sbCommentSelectList.do
WARN :[2020-01-22 11:31:46] No mapping for GET /mohagee/sbComment/sbCommentSelectList.do
INFO :[2020-01-22 11:35:28] Root WebApplicationContext: initialization started
INFO :[2020-01-22 11:35:30] Root WebApplicationContext initialized in 1902 ms
INFO :[2020-01-22 11:35:30] Initializing Servlet 'appServlet'
INFO :[2020-01-22 11:35:34] Completed initialization in 3902 ms
WARN :[2020-01-22 11:35:47] No mapping for GET /mohagee/sbComment/sbCommentSelectList.do
WARN :[2020-01-22 11:44:58] No mapping for GET /mohagee/sbComment/sbCommentSelectList.do
WARN :[2020-01-22 11:45:52] No mapping for GET /mohagee/sbComment/sbCommentSelectList.do
INFO :[2020-01-22 11:46:22] Root WebApplicationContext: initialization started
INFO :[2020-01-22 11:46:25] Root WebApplicationContext initialized in 2171 ms
INFO :[2020-01-22 11:46:25] Initializing Servlet 'appServlet'
INFO :[2020-01-22 11:46:29] Completed initialization in 4173 ms
WARN :[2020-01-22 11:46:32] Resolved [org.springframework.validation.BindException: org.springframework.validation.BeanPropertyBindingResult: 1 errors
Field error in object 'favorite' on field 'userNo': rejected value []; codes [typeMismatch.favorite.userNo,typeMismatch.userNo,typeMismatch.int,typeMismatch]; arguments [org.springframework.context.support.DefaultMessageSourceResolvable: codes [favorite.userNo,userNo]; arguments []; default message [userNo]]; default message [Failed to convert property value of type 'java.lang.String' to required type 'int' for property 'userNo'; nested exception is java.lang.NumberFormatException: For input string: ""]]
WARN :[2020-01-22 11:46:32] No mapping for GET /mohagee/sbComment/sbCommentSelectList.do
WARN :[2020-01-22 11:47:09] Resolved [org.springframework.validation.BindException: org.springframework.validation.BeanPropertyBindingResult: 1 errors
Field error in object 'favorite' on field 'userNo': rejected value []; codes [typeMismatch.favorite.userNo,typeMismatch.userNo,typeMismatch.int,typeMismatch]; arguments [org.springframework.context.support.DefaultMessageSourceResolvable: codes [favorite.userNo,userNo]; arguments []; default message [userNo]]; default message [Failed to convert property value of type 'java.lang.String' to required type 'int' for property 'userNo'; nested exception is java.lang.NumberFormatException: For input string: ""]]
WARN :[2020-01-22 11:47:09] No mapping for GET /mohagee/sbComment/sbCommentSelectList.do
WARN :[2020-01-22 11:48:09] Resolved [org.springframework.validation.BindException: org.springframework.validation.BeanPropertyBindingResult: 1 errors
Field error in object 'favorite' on field 'userNo': rejected value []; codes [typeMismatch.favorite.userNo,typeMismatch.userNo,typeMismatch.int,typeMismatch]; arguments [org.springframework.context.support.DefaultMessageSourceResolvable: codes [favorite.userNo,userNo]; arguments []; default message [userNo]]; default message [Failed to convert property value of type 'java.lang.String' to required type 'int' for property 'userNo'; nested exception is java.lang.NumberFormatException: For input string: ""]]
WARN :[2020-01-22 11:48:09] No mapping for GET /mohagee/sbComment/sbCommentSelectList.do
WARN :[2020-01-22 11:48:31] Resolved [org.springframework.validation.BindException: org.springframework.validation.BeanPropertyBindingResult: 1 errors
Field error in object 'favorite' on field 'userNo': rejected value []; codes [typeMismatch.favorite.userNo,typeMismatch.userNo,typeMismatch.int,typeMismatch]; arguments [org.springframework.context.support.DefaultMessageSourceResolvable: codes [favorite.userNo,userNo]; arguments []; default message [userNo]]; default message [Failed to convert property value of type 'java.lang.String' to required type 'int' for property 'userNo'; nested exception is java.lang.NumberFormatException: For input string: ""]]
WARN :[2020-01-22 11:48:31] No mapping for GET /mohagee/sbComment/sbCommentSelectList.do
WARN :[2020-01-22 11:49:25] Resolved [org.springframework.web.method.annotation.MethodArgumentTypeMismatchException: Failed to convert value of type 'java.lang.String' to required type 'int'; nested exception is java.lang.NumberFormatException: For input string: ""]
INFO :[2020-01-22 11:50:08] Root WebApplicationContext: initialization started
INFO :[2020-01-22 11:50:10] Root WebApplicationContext initialized in 2134 ms
INFO :[2020-01-22 11:50:10] Initializing Servlet 'appServlet'
INFO :[2020-01-22 11:50:14] Completed initialization in 4488 ms
WARN :[2020-01-22 11:50:25] No mapping for GET /mohagee/sbComment/sbCommentSelectList.do
WARN :[2020-01-22 11:50:32] No mapping for GET /mohagee/sbComment/sbCommentSelectList.do
WARN :[2020-01-22 11:50:56] No mapping for GET /mohagee/sbComment/sbCommentSelectList.do
WARN :[2020-01-22 11:51:01] No mapping for GET /mohagee/sbComment/sbCommentSelectList.do
WARN :[2020-01-22 11:58:37] No mapping for GET /mohagee/sbComment/sbCommentSelectList.do
WARN :[2020-01-22 12:06:45] No mapping for GET /mohagee/sbComment/sbCommentSelectList.do
WARN :[2020-01-22 12:06:53] No mapping for GET /mohagee/sbComment/sbCommentSelectList.do
WARN :[2020-01-22 12:07:16] No mapping for GET /mohagee/sbComment/sbCommentSelectList.do
WARN :[2020-01-22 12:07:26] No mapping for GET /mohagee/sbComment/sbCommentSelectList.do
WARN :[2020-01-22 12:17:20] No mapping for GET /mohagee/sbComment/sbCommentSelectList.do
WARN :[2020-01-22 12:17:50] No mapping for GET /mohagee/sbComment/sbCommentSelectList.do
WARN :[2020-01-22 12:18:10] No mapping for GET /mohagee/sbComment/sbCommentSelectList.do
WARN :[2020-01-22 12:18:38] No mapping for GET /mohagee/sbComment/sbCommentSelectList.do
INFO :[2020-01-22 12:19:07] Root WebApplicationContext: initialization started
INFO :[2020-01-22 12:19:09] Root WebApplicationContext initialized in 2072 ms
INFO :[2020-01-22 12:19:09] Initializing Servlet 'appServlet'
INFO :[2020-01-22 12:19:14] Completed initialization in 4493 ms
